<?xml version="1.0" encoding="UTF-8"?>
<!-- Generated by org.testng.reporters.JUnitReportReporter -->
<testsuite hostname="Ankit" failures="0" tests="11" name="practiceTestNG.TNG03Test" time="0.033" errors="0" timestamp="2025-12-29T13:11:48 IST" skipped="1">
  <testcase classname="practiceTestNG.TNG03Test" name="createContactTest" time="0.018"/>
  <testcase classname="practiceTestNG.TNG03Test" name="createContactTest" time="0.002"/>
  <testcase classname="practiceTestNG.TNG03Test" name="createContactTest" time="0.003"/>
  <testcase classname="practiceTestNG.TNG03Test" name="createContactTest" time="0.001"/>
  <testcase classname="practiceTestNG.TNG03Test" name="createContactTest" time="0.001"/>
  <testcase classname="practiceTestNG.TNG03Test" name="createContactTest" time="0.002"/>
  <testcase classname="practiceTestNG.TNG03Test" name="createContactTest" time="0.001"/>
  <testcase classname="practiceTestNG.TNG03Test" name="createContactTest" time="0.002"/>
  <testcase classname="practiceTestNG.TNG03Test" name="createContactTest" time="0.001"/>
  <testcase classname="practiceTestNG.TNG03Test" name="createContactTest" time="0.002"/>
  <testcase classname="practiceTestNG.TNG03Test" name="modifyContactTest">
    <skipped/>
  </testcase> <!-- modifyContactTest -->
</testsuite> <!-- practiceTestNG.TNG03Test -->
