<?xml version="1.0" encoding="UTF-8"?>
<!-- Generated by org.testng.reporters.JUnitReportReporter -->
<testsuite hostname="Ankit" failures="0" tests="3" name="practiceTestNG.TNG13Test" time="3.656" errors="0" timestamp="2026-01-09T10:48:32 IST" skipped="0">
  <testcase classname="practiceTestNG.TNG13Test" name="createContactTest" time="3.648"/>
  <testcase classname="practiceTestNG.TNG13Test" name="createContactWithPhoneNumber" time="0.004"/>
  <testcase classname="practiceTestNG.TNG13Test" name="createContactWithORG" time="0.004"/>
</testsuite> <!-- practiceTestNG.TNG13Test -->
