<?xml version="1.0" encoding="UTF-8"?>
<!-- Generated by org.testng.reporters.JUnitReportReporter -->
<testsuite hostname="Ankit" failures="0" tests="3" name="practiceTestNG.TNG04Test" time="0.021" errors="0" timestamp="2025-12-29T13:12:53 IST" skipped="0">
  <testcase classname="practiceTestNG.TNG04Test" name="createContact" time="0.012"/>
  <testcase classname="practiceTestNG.TNG04Test" name="createContact" time="0.002"/>
  <testcase classname="practiceTestNG.TNG04Test" name="createContact" time="0.007"/>
</testsuite> <!-- practiceTestNG.TNG04Test -->
