<?xml version="1.0" encoding="UTF-8"?>
<testng-results ignored="0" total="1" passed="1" failed="0" skipped="0">
  <reporter-output>
  </reporter-output>
  <suite started-at="2026-02-17T23:54:54 IST" name="Default suite" finished-at="2026-02-17T23:55:21 IST" duration-ms="26736">
    <groups>
    </groups>
    <test started-at="2026-02-17T23:54:54 IST" name="Default test" finished-at="2026-02-17T23:55:21 IST" duration-ms="26736">
      <class name="com.lessannoyingcrmAutomation.SmokeTestcases.Smoke_Contact_Export_Test">
        <test-method is-config="true" signature="launchBrowser()[pri:0, instance:com.lessannoyingcrmAutomation.SmokeTestcases.Smoke_Contact_Export_Test@49438269]" started-at="2026-02-17T23:54:54 IST" name="launchBrowser" finished-at="2026-02-17T23:55:08 IST" duration-ms="13706" status="PASS">
          <reporter-output>
          </reporter-output>
        </test-method> <!-- launchBrowser -->
        <test-method is-config="true" signature="login()[pri:0, instance:com.lessannoyingcrmAutomation.SmokeTestcases.Smoke_Contact_Export_Test@49438269]" started-at="2026-02-17T23:55:08 IST" name="login" finished-at="2026-02-17T23:55:09 IST" duration-ms="1209" status="PASS">
          <reporter-output>
          </reporter-output>
        </test-method> <!-- login -->
        <test-method signature="TC_SM_17_ExportContact()[pri:0, instance:com.lessannoyingcrmAutomation.SmokeTestcases.Smoke_Contact_Export_Test@49438269]" started-at="2026-02-17T23:55:09 IST" name="TC_SM_17_ExportContact" finished-at="2026-02-17T23:55:19 IST" duration-ms="10346" status="PASS">
          <reporter-output>
          </reporter-output>
        </test-method> <!-- TC_SM_17_ExportContact -->
        <test-method is-config="true" signature="logout()[pri:0, instance:com.lessannoyingcrmAutomation.SmokeTestcases.Smoke_Contact_Export_Test@49438269]" started-at="2026-02-17T23:55:19 IST" name="logout" finished-at="2026-02-17T23:55:19 IST" duration-ms="1" status="PASS">
          <reporter-output>
          </reporter-output>
        </test-method> <!-- logout -->
        <test-method is-config="true" signature="closeBrowser()[pri:0, instance:com.lessannoyingcrmAutomation.SmokeTestcases.Smoke_Contact_Export_Test@49438269]" started-at="2026-02-17T23:55:19 IST" name="closeBrowser" finished-at="2026-02-17T23:55:21 IST" duration-ms="1282" status="PASS">
          <reporter-output>
          </reporter-output>
        </test-method> <!-- closeBrowser -->
      </class> <!-- com.lessannoyingcrmAutomation.SmokeTestcases.Smoke_Contact_Export_Test -->
    </test> <!-- Default test -->
  </suite> <!-- Default suite -->
</testng-results>
