<?xml version="1.0" encoding="UTF-8"?>
<!-- Generated by org.testng.reporters.JUnitReportReporter -->
<testsuite hostname="Ankit" failures="0" tests="1" name="com.lessannoyingcrmAutomation.SmokeTestcases.Smoke_Contact_Test" time="9.681" errors="0" timestamp="2026-02-17T16:53:21 IST" skipped="0">
  <testcase classname="com.lessannoyingcrmAutomation.SmokeTestcases.Smoke_Contact_Test" name="TC_SM_08_ConTest" time="9.681"/>
</testsuite> <!-- com.lessannoyingcrmAutomation.SmokeTestcases.Smoke_Contact_Test -->
