<?xml version="1.0" encoding="UTF-8"?>
<!-- Generated by org.testng.reporters.JUnitReportReporter -->
<testsuite hostname="Ankit" failures="0" tests="1" name="com.lessannoyingcrmAutomation.SmokeTestcases.SmokeContactTest" time="7.733" errors="0" timestamp="2026-02-17T15:04:38 IST" skipped="0">
  <testcase classname="com.lessannoyingcrmAutomation.SmokeTestcases.SmokeContactTest" name="TC_SM_08_CreateEventTest" time="7.733"/>
</testsuite> <!-- com.lessannoyingcrmAutomation.SmokeTestcases.SmokeContactTest -->
