<?xml version="1.0" encoding="UTF-8"?>
<!-- Generated by org.testng.reporters.JUnitReportReporter -->
<testsuite hostname="Ankit" failures="0" tests="1" name="com.lessannoyingcrmAutomation.SmokeTestcases.Smoke_Contact_Export_Test" time="11.556" errors="0" timestamp="2026-02-17T23:55:21 IST" skipped="0">
  <testcase classname="com.lessannoyingcrmAutomation.SmokeTestcases.Smoke_Contact_Export_Test" name="TC_SM_17_ExportContact" time="11.556"/>
</testsuite> <!-- com.lessannoyingcrmAutomation.SmokeTestcases.Smoke_Contact_Export_Test -->
