<?xml version="1.0" encoding="UTF-8"?>
<!-- Generated by org.testng.reporters.JUnitReportReporter -->
<testsuite hostname="Ankit" failures="0" tests="1" name="com.lessannoyingcrmAutomation.SmokeTestcases.Smoke_Report_Test" time="9.489" errors="0" timestamp="2026-02-17T17:20:30 IST" skipped="0">
  <testcase classname="com.lessannoyingcrmAutomation.SmokeTestcases.Smoke_Report_Test" name="TC_SM_08_ConTest" time="9.489"/>
</testsuite> <!-- com.lessannoyingcrmAutomation.SmokeTestcases.Smoke_Report_Test -->
